--progress is a global compose flag, better use `docker compose --progress xx build ...
#1 [internal] load local bake definitions
#1 reading from stdin 873B done
#1 DONE 0.0s

#2 [internal] load build definition from Dockerfile
#2 transferring dockerfile: 717B done
#2 WARN: FromAsCasing: 'as' and 'FROM' keywords' casing do not match (line 1)
#2 DONE 0.0s

#3 [internal] load metadata for docker.io/library/node:18-alpine
#3 DONE 4.5s

#4 [internal] load .dockerignore
#4 transferring context: 2B done
#4 DONE 0.0s

#5 [ 1/11] FROM docker.io/library/node:18-alpine@sha256:8d6421d663b4c28fd3ebc498332f249011d118945588d0a35cb9bc4b8ca09d9e
#5 CACHED

#6 [internal] load build context
#6 transferring context: 799.54kB 0.4s done
#6 DONE 0.4s

#7 [ 2/11] RUN apk add --no-cache python3 make g++ git
#7 0.380 fetch https://dl-cdn.alpinelinux.org/alpine/v3.21/main/x86_64/APKINDEX.tar.gz
#7 5.240 fetch https://dl-cdn.alpinelinux.org/alpine/v3.21/community/x86_64/APKINDEX.tar.gz
#7 5.965 (1/39) Installing libstdc++-dev (14.2.0-r4)
#7 6.396 (2/39) Installing jansson (2.14-r4)
#7 6.427 (3/39) Installing zstd-libs (1.5.6-r2)
#7 6.476 (4/39) Installing binutils (2.43.1-r3)
#7 6.730 (5/39) Installing libgomp (14.2.0-r4)
#7 6.764 (6/39) Installing libatomic (14.2.0-r4)
#7 6.793 (7/39) Installing gmp (6.3.0-r2)
#7 6.831 (8/39) Installing isl26 (0.26-r1)
#7 6.970 (9/39) Installing mpfr4 (4.2.1-r0)
#7 7.036 (10/39) Installing mpc1 (1.3.1-r1)
#7 7.073 (11/39) Installing gcc (14.2.0-r4)
#7 9.638 (12/39) Installing musl-dev (1.2.5-r9)
#7 9.796 (13/39) Installing g++ (14.2.0-r4)
#7 10.52 (14/39) Installing brotli-libs (1.1.0-r2)
#7 10.56 (15/39) Installing c-ares (1.34.5-r0)
#7 10.60 (16/39) Installing libunistring (1.2-r0)
#7 10.65 (17/39) Installing libidn2 (2.3.7-r0)
#7 10.69 (18/39) Installing nghttp2-libs (1.64.0-r0)
#7 10.72 (19/39) Installing libpsl (0.21.5-r3)
#7 10.75 (20/39) Installing libcurl (8.12.1-r1)
#7 10.79 (21/39) Installing libexpat (2.7.0-r0)
#7 10.82 (22/39) Installing pcre2 (10.43-r0)
#7 10.86 (23/39) Installing git (2.47.3-r0)
#7 11.01 (24/39) Installing git-init-template (2.47.3-r0)
#7 11.06 (25/39) Installing make (4.4.1-r2)
#7 11.09 (26/39) Installing libbz2 (1.0.8-r6)
#7 11.12 (27/39) Installing libffi (3.4.7-r0)
#7 11.15 (28/39) Installing gdbm (1.24-r0)
#7 11.19 (29/39) Installing xz-libs (5.6.3-r1)
#7 11.23 (30/39) Installing mpdecimal (4.0.0-r0)
#7 11.26 (31/39) Installing ncurses-terminfo-base (6.5_p20241006-r3)
#7 11.29 (32/39) Installing libncursesw (6.5_p20241006-r3)
#7 11.33 (33/39) Installing libpanelw (6.5_p20241006-r3)
#7 11.35 (34/39) Installing readline (8.2.13-r0)
#7 11.39 (35/39) Installing sqlite-libs (3.48.0-r2)
#7 11.45 (36/39) Installing python3 (3.12.11-r0)
#7 11.81 (37/39) Installing python3-pycache-pyc0 (3.12.11-r0)
#7 12.00 (38/39) Installing pyc (3.12.11-r0)
#7 12.00 (39/39) Installing python3-pyc (3.12.11-r0)
#7 12.00 Executing busybox-1.37.0-r12.trigger
#7 12.01 OK: 280 MiB in 56 packages
#7 DONE 12.1s

#8 [ 3/11] WORKDIR /app
#8 DONE 0.0s

#9 [ 4/11] RUN ls -la
#9 0.339 total 8
#9 0.342 drwxr-xr-x    2 root     root          4096 Jul 27 08:34 .
#9 0.342 drwxr-xr-x    1 root     root          4096 Jul 27 08:34 ..
#9 DONE 0.4s

#10 [ 5/11] COPY package*.json ./
#10 DONE 0.1s

#11 [ 6/11] RUN ls -la package*.json
#11 0.355 -rwxr-xr-x    1 root     root        139773 Jul 27 03:50 package-lock.json
#11 0.355 -rwxr-xr-x    1 root     root           908 Jul 27 03:50 package.json
#11 DONE 0.4s

#12 [ 7/11] RUN npm install --legacy-peer-deps --loglevel verbose
#12 0.522 npm verbose cli /usr/local/bin/node /usr/local/bin/npm
#12 0.522 npm info using npm@10.8.2
#12 0.522 npm info using node@v18.20.8
#12 0.526 npm verbose title npm install
#12 0.526 npm verbose argv "install" "--legacy-peer-deps" "--loglevel" "verbose"
#12 0.526 npm verbose logfile logs-max:10 dir:/root/.npm/_logs/2025-07-27T08_34_01_354Z-
#12 0.528 npm verbose logfile /root/.npm/_logs/2025-07-27T08_34_01_354Z-debug-0.log
#12 0.891 npm warn EBADENGINE Unsupported engine {
#12 0.891 npm warn EBADENGINE   package: 'react-router@7.7.1',
#12 0.891 npm warn EBADENGINE   required: { node: '>=20.0.0' },
#12 0.891 npm warn EBADENGINE   current: { node: 'v18.20.8', npm: '10.8.2' }
#12 0.891 npm warn EBADENGINE }
#12 0.891 npm warn EBADENGINE Unsupported engine {
#12 0.891 npm warn EBADENGINE   package: 'react-router-dom@7.7.1',
#12 0.891 npm warn EBADENGINE   required: { node: '>=20.0.0' },
#12 0.891 npm warn EBADENGINE   current: { node: 'v18.20.8', npm: '10.8.2' }
#12 0.891 npm warn EBADENGINE }
#12 0.891 npm warn EBADENGINE Unsupported engine {
#12 0.891 npm warn EBADENGINE   package: 'vite@7.0.6',
#12 0.891 npm warn EBADENGINE   required: { node: '^20.19.0 || >=22.12.0' },
#12 0.891 npm warn EBADENGINE   current: { node: 'v18.20.8', npm: '10.8.2' }
#12 0.891 npm warn EBADENGINE }
#12 0.970 npm verbose reify failed optional dependency /app/node_modules/fsevents
#12 0.979 npm verbose reify failed optional dependency /app/node_modules/@rollup/rollup-win32-x64-msvc
#12 0.979 npm verbose reify failed optional dependency /app/node_modules/@rollup/rollup-win32-ia32-msvc
#12 0.979 npm verbose reify failed optional dependency /app/node_modules/@rollup/rollup-win32-arm64-msvc
#12 0.980 npm verbose reify failed optional dependency /app/node_modules/@rollup/rollup-linux-s390x-gnu
#12 0.980 npm verbose reify failed optional dependency /app/node_modules/@rollup/rollup-linux-riscv64-musl
#12 0.980 npm verbose reify failed optional dependency /app/node_modules/@rollup/rollup-linux-riscv64-gnu
#12 0.980 npm verbose reify failed optional dependency /app/node_modules/@rollup/rollup-linux-powerpc64le-gnu
#12 0.981 npm verbose reify failed optional dependency /app/node_modules/@rollup/rollup-linux-loongarch64-gnu
#12 0.981 npm verbose reify failed optional dependency /app/node_modules/@rollup/rollup-linux-arm64-musl
#12 0.981 npm verbose reify failed optional dependency /app/node_modules/@rollup/rollup-linux-arm64-gnu
#12 0.981 npm verbose reify failed optional dependency /app/node_modules/@rollup/rollup-linux-arm-musleabihf
#12 0.982 npm verbose reify failed optional dependency /app/node_modules/@rollup/rollup-linux-arm-gnueabihf
#12 0.982 npm verbose reify failed optional dependency /app/node_modules/@rollup/rollup-freebsd-x64
#12 0.982 npm verbose reify failed optional dependency /app/node_modules/@rollup/rollup-freebsd-arm64
#12 0.982 npm verbose reify failed optional dependency /app/node_modules/@rollup/rollup-darwin-x64
#12 0.982 npm verbose reify failed optional dependency /app/node_modules/@rollup/rollup-darwin-arm64
#12 0.982 npm verbose reify failed optional dependency /app/node_modules/@rollup/rollup-android-arm64
#12 0.982 npm verbose reify failed optional dependency /app/node_modules/@rollup/rollup-android-arm-eabi
#12 0.985 npm verbose reify failed optional dependency /app/node_modules/@esbuild/win32-x64
#12 0.985 npm verbose reify failed optional dependency /app/node_modules/@esbuild/win32-ia32
#12 0.985 npm verbose reify failed optional dependency /app/node_modules/@esbuild/win32-arm64
#12 0.985 npm verbose reify failed optional dependency /app/node_modules/@esbuild/sunos-x64
#12 0.985 npm verbose reify failed optional dependency /app/node_modules/@esbuild/openharmony-arm64
#12 0.985 npm verbose reify failed optional dependency /app/node_modules/@esbuild/openbsd-x64
#12 0.985 npm verbose reify failed optional dependency /app/node_modules/@esbuild/openbsd-arm64
#12 0.985 npm verbose reify failed optional dependency /app/node_modules/@esbuild/netbsd-x64
#12 0.985 npm verbose reify failed optional dependency /app/node_modules/@esbuild/netbsd-arm64
#12 0.986 npm verbose reify failed optional dependency /app/node_modules/@esbuild/linux-s390x
#12 0.986 npm verbose reify failed optional dependency /app/node_modules/@esbuild/linux-riscv64
#12 0.986 npm verbose reify failed optional dependency /app/node_modules/@esbuild/linux-ppc64
#12 0.986 npm verbose reify failed optional dependency /app/node_modules/@esbuild/linux-mips64el
#12 0.986 npm verbose reify failed optional dependency /app/node_modules/@esbuild/linux-loong64
#12 0.986 npm verbose reify failed optional dependency /app/node_modules/@esbuild/linux-ia32
#12 0.986 npm verbose reify failed optional dependency /app/node_modules/@esbuild/linux-arm64
#12 0.986 npm verbose reify failed optional dependency /app/node_modules/@esbuild/linux-arm
#12 0.987 npm verbose reify failed optional dependency /app/node_modules/@esbuild/freebsd-x64
#12 0.987 npm verbose reify failed optional dependency /app/node_modules/@esbuild/freebsd-arm64
#12 0.987 npm verbose reify failed optional dependency /app/node_modules/@esbuild/darwin-x64
#12 0.988 npm verbose reify failed optional dependency /app/node_modules/@esbuild/darwin-arm64
#12 0.988 npm verbose reify failed optional dependency /app/node_modules/@esbuild/android-x64
#12 0.989 npm verbose reify failed optional dependency /app/node_modules/@esbuild/android-arm64
#12 0.989 npm verbose reify failed optional dependency /app/node_modules/@esbuild/android-arm
#12 0.989 npm verbose reify failed optional dependency /app/node_modules/@esbuild/aix-ppc64
#12 5.808 npm http fetch GET https://registry.npmjs.org/npm attempt 1 failed with EAI_AGAIN
#12 10.81 npm http fetch GET https://registry.npmjs.org/yocto-queue/-/yocto-queue-0.1.0.tgz attempt 1 failed with EAI_AGAIN
#12 10.97 npm http fetch GET https://registry.npmjs.org/yaml/-/yaml-2.8.0.tgz attempt 1 failed with EAI_AGAIN
#12 11.90 npm http fetch GET 200 https://registry.npmjs.org/yallist/-/yallist-3.1.1.tgz 10873ms (cache miss)
#12 11.90 npm http fetch GET 200 https://registry.npmjs.org/which/-/which-2.0.2.tgz 10877ms (cache miss)
#12 11.90 npm http fetch GET 200 https://registry.npmjs.org/wrap-ansi/-/wrap-ansi-8.1.0.tgz 10878ms (cache miss)
#12 11.91 npm http fetch GET 200 https://registry.npmjs.org/wrap-ansi/-/wrap-ansi-7.0.0.tgz 10887ms (cache miss)
#12 11.95 npm http fetch GET 200 https://registry.npmjs.org/type-check/-/type-check-0.4.0.tgz 10923ms (cache miss)
#12 11.99 npm http fetch GET 200 https://registry.npmjs.org/word-wrap/-/word-wrap-1.2.5.tgz 10968ms (cache miss)
#12 12.02 npm http fetch GET 200 https://registry.npmjs.org/warning/-/warning-4.0.3.tgz 10997ms (cache miss)
#12 12.03 npm http fetch GET 200 https://registry.npmjs.org/util-deprecate/-/util-deprecate-1.0.2.tgz 10998ms (cache miss)
#12 12.05 npm http fetch GET 200 https://registry.npmjs.org/to-regex-range/-/to-regex-range-5.0.1.tgz 11025ms (cache miss)
#12 12.06 npm http fetch GET 200 https://registry.npmjs.org/thenify-all/-/thenify-all-1.6.0.tgz 11034ms (cache miss)
#12 12.06 npm http fetch GET 200 https://registry.npmjs.org/thenify/-/thenify-3.3.1.tgz 11033ms (cache miss)
#12 12.08 npm http fetch GET 200 https://registry.npmjs.org/supports-preserve-symlinks-flag/-/supports-preserve-symlinks-flag-1.0.0.tgz 11045ms (cache miss)
#12 12.08 npm http fetch GET 200 https://registry.npmjs.org/tinyglobby/-/tinyglobby-0.2.14.tgz 11048ms (cache miss)
#12 12.12 npm http fetch GET 200 https://registry.npmjs.org/update-browserslist-db/-/update-browserslist-db-1.1.3.tgz 11096ms (cache miss)
#12 12.12 npm http fetch GET 200 https://registry.npmjs.org/supports-color/-/supports-color-7.2.0.tgz 11093ms (cache miss)
#12 12.13 npm http fetch GET 200 https://registry.npmjs.org/ts-interface-checker/-/ts-interface-checker-0.1.13.tgz 11105ms (cache miss)
#12 12.13 npm http fetch GET 200 https://registry.npmjs.org/strip-ansi/-/strip-ansi-6.0.1.tgz 11096ms (cache miss)
#12 12.14 npm http fetch GET 200 https://registry.npmjs.org/strip-json-comments/-/strip-json-comments-3.1.1.tgz 11104ms (cache miss)
#12 12.14 npm http fetch GET 200 https://registry.npmjs.org/strip-ansi/-/strip-ansi-7.1.0.tgz 11106ms (cache miss)
#12 12.16 npm http fetch POST 400 https://registry.npmjs.org/-/npm/v1/security/audits/quick 6135ms
#12 12.17 npm verbose audit error HttpErrorGeneral: 400 Bad Request - POST https://registry.npmjs.org/-/npm/v1/security/audits/quick - Bad Request
#12 12.17 npm verbose audit error     at /usr/local/lib/node_modules/npm/node_modules/npm-registry-fetch/lib/check-response.js:95:15
#12 12.17 npm verbose audit error     at process.processTicksAndRejections (node:internal/process/task_queues:95:5)
#12 12.17 npm verbose audit error     at async [getReport] (/usr/local/lib/node_modules/npm/node_modules/@npmcli/arborist/lib/audit-report.js:336:21)
#12 12.17 npm verbose audit error     at async AuditReport.run (/usr/local/lib/node_modules/npm/node_modules/@npmcli/arborist/lib/audit-report.js:106:19) {
#12 12.17 npm verbose audit error   headers: [Object: null prototype] {
#12 12.17 npm verbose audit error     date: [ 'Sun, 27 Jul 2025 08:34:13 GMT' ],
#12 12.17 npm verbose audit error     'transfer-encoding': [ 'chunked' ],
#12 12.17 npm verbose audit error     connection: [ 'keep-alive' ],
#12 12.17 npm verbose audit error     'cf-ray': [ '965acbe19ba7a2f1-SIN' ],
#12 12.17 npm verbose audit error     'cf-cache-status': [ 'DYNAMIC' ],
#12 12.17 npm verbose audit error     vary: [ 'Accept-Encoding' ],
#12 12.17 npm verbose audit error     'set-cookie': [
#12 12.17 npm verbose audit error       '_cfuvid=JrZzmzeWvhmba7LFqvwNXCrxE2C.cOXS9Mg16tGN1sw-1753605253599-0.0.1.1-604800000; path=/; domain=.npmjs.org; HttpOnly; Secure; SameSite=None'
#12 12.17 npm verbose audit error     ],
#12 12.17 npm verbose audit error     server: [ 'cloudflare' ],
#12 12.17 npm verbose audit error     'x-fetch-attempts': [ '1' ]
#12 12.17 npm verbose audit error   },
#12 12.17 npm verbose audit error   statusCode: 400,
#12 12.17 npm verbose audit error   code: 'E400',
#12 12.17 npm verbose audit error   method: 'POST',
#12 12.17 npm verbose audit error   uri: 'https://registry.npmjs.org/-/npm/v1/security/audits/quick',
#12 12.17 npm verbose audit error   body: {
#12 12.17 npm verbose audit error     statusCode: 400,
#12 12.17 npm verbose audit error     error: 'Bad Request',
#12 12.17 npm verbose audit error     message: 'Invalid package tree, run  npm install  to rebuild your package-lock.json'
#12 12.17 npm verbose audit error   },
#12 12.17 npm verbose audit error   pkgid: undefined
#12 12.17 npm verbose audit error }
#12 12.20 npm http fetch GET 200 https://registry.npmjs.org/string-width/-/string-width-5.1.2.tgz 11165ms (cache miss)
#12 12.21 npm http fetch GET 200 https://registry.npmjs.org/string-width/-/string-width-4.2.3.tgz 11171ms (cache miss)
#12 12.22 npm http fetch GET 200 https://registry.npmjs.org/shebang-regex/-/shebang-regex-3.0.0.tgz 11181ms (cache miss)
#12 12.24 npm http fetch GET 200 https://registry.npmjs.org/shebang-command/-/shebang-command-2.0.0.tgz 11203ms (cache miss)
#12 12.31 npm http fetch GET 200 https://registry.npmjs.org/set-cookie-parser/-/set-cookie-parser-2.7.1.tgz 11267ms (cache miss)
#12 12.31 npm http fetch GET 200 https://registry.npmjs.org/run-parallel/-/run-parallel-1.2.0.tgz 11266ms (cache miss)
#12 12.36 npm http fetch GET 200 https://registry.npmjs.org/resolve-from/-/resolve-from-4.0.0.tgz 11313ms (cache miss)
#12 12.36 npm http fetch GET 200 https://registry.npmjs.org/read-cache/-/read-cache-1.0.0.tgz 11312ms (cache miss)
#12 12.38 npm http fetch GET 200 https://registry.npmjs.org/react-router-dom/-/react-router-dom-7.7.1.tgz 11334ms (cache miss)
#12 12.41 npm http fetch GET 200 https://registry.npmjs.org/react-lifecycles-compat/-/react-lifecycles-compat-3.0.4.tgz 11361ms (cache miss)
#12 12.41 npm http fetch GET 200 https://registry.npmjs.org/reusify/-/reusify-1.1.0.tgz 11366ms (cache miss)
#12 12.43 npm http fetch GET 200 https://registry.npmjs.org/readdirp/-/readdirp-3.6.0.tgz 11385ms (cache miss)
#12 12.46 npm http fetch GET 200 https://registry.npmjs.org/react-is/-/react-is-16.13.1.tgz 11409ms (cache miss)
#12 12.46 npm http fetch GET 200 https://registry.npmjs.org/punycode/-/punycode-2.3.1.tgz 11400ms (cache miss)
#12 12.49 npm http fetch GET 200 https://registry.npmjs.org/scheduler/-/scheduler-0.26.0.tgz 11446ms (cache miss)
#12 12.49 npm http fetch GET 200 https://registry.npmjs.org/queue-microtask/-/queue-microtask-1.2.3.tgz 11433ms (cache miss)
#12 12.49 npm http fetch GET 200 https://registry.npmjs.org/postcss-js/-/postcss-js-4.0.1.tgz 11412ms (cache miss)
#12 12.52 npm http fetch GET 200 https://registry.npmjs.org/prelude-ls/-/prelude-ls-1.2.1.tgz 11451ms (cache miss)
#12 12.56 npm http fetch GET 200 https://registry.npmjs.org/semver/-/semver-6.3.1.tgz 11518ms (cache miss)
#12 12.56 npm http fetch GET 200 https://registry.npmjs.org/postcss-load-config/-/postcss-load-config-4.0.2.tgz 11482ms (cache miss)
#12 12.60 npm http fetch GET 200 https://registry.npmjs.org/postcss-value-parser/-/postcss-value-parser-4.2.0.tgz 11526ms (cache miss)
#12 12.64 npm http fetch GET 200 https://registry.npmjs.org/react-refresh/-/react-refresh-0.17.0.tgz 11593ms (cache miss)
#12 12.66 npm http fetch GET 200 https://registry.npmjs.org/postcss-nested/-/postcss-nested-6.2.0.tgz 11582ms (cache miss)
#12 12.66 npm http fetch GET 200 https://registry.npmjs.org/pify/-/pify-2.3.0.tgz 11566ms (cache miss)
#12 12.67 npm http fetch GET 200 https://registry.npmjs.org/pirates/-/pirates-4.0.7.tgz 11568ms (cache miss)
#12 12.67 npm http fetch GET 200 https://registry.npmjs.org/picocolors/-/picocolors-1.1.1.tgz 11573ms (cache miss)
#12 12.68 npm http fetch GET 200 https://registry.npmjs.org/postcss-import/-/postcss-import-15.1.0.tgz 11597ms (cache miss)
#12 12.68 npm http fetch GET 200 https://registry.npmjs.org/picomatch/-/picomatch-4.0.3.tgz 11582ms (cache miss)
#12 12.69 npm http fetch GET 200 https://registry.npmjs.org/path-key/-/path-key-3.1.1.tgz 11588ms (cache miss)
#12 12.69 npm http fetch GET 200 https://registry.npmjs.org/path-parse/-/path-parse-1.0.7.tgz 11589ms (cache miss)
#12 12.69 npm http fetch GET 200 https://registry.npmjs.org/p-limit/-/p-limit-3.1.0.tgz 11586ms (cache miss)
#12 12.71 npm http fetch GET 200 https://registry.npmjs.org/p-locate/-/p-locate-5.0.0.tgz 11606ms (cache miss)
#12 12.71 npm http fetch GET 200 https://registry.npmjs.org/optionator/-/optionator-0.9.4.tgz 11610ms (cache miss)
#12 12.72 npm http fetch GET 200 https://registry.npmjs.org/package-json-from-dist/-/package-json-from-dist-1.0.1.tgz 11612ms (cache miss)
#12 12.72 npm http fetch GET 200 https://registry.npmjs.org/normalize-range/-/normalize-range-0.1.2.tgz 11608ms (cache miss)
#12 12.72 npm http fetch GET 200 https://registry.npmjs.org/path-exists/-/path-exists-4.0.0.tgz 11618ms (cache miss)
#12 12.72 npm http fetch GET 200 https://registry.npmjs.org/parent-module/-/parent-module-1.0.1.tgz 11619ms (cache miss)
#12 12.73 npm http fetch GET 200 https://registry.npmjs.org/object-assign/-/object-assign-4.1.1.tgz 11618ms (cache miss)
#12 12.73 npm http fetch GET 200 https://registry.npmjs.org/object-hash/-/object-hash-3.0.0.tgz 11620ms (cache miss)
#12 12.73 npm http fetch GET 200 https://registry.npmjs.org/node-releases/-/node-releases-2.0.19.tgz 11622ms (cache miss)
#12 12.74 npm http fetch GET 200 https://registry.npmjs.org/normalize-path/-/normalize-path-3.0.0.tgz 11633ms (cache miss)
#12 12.74 npm http fetch GET 200 https://registry.npmjs.org/nanoid/-/nanoid-3.3.11.tgz 11631ms (cache miss)
#12 12.75 npm http fetch GET 200 https://registry.npmjs.org/signal-exit/-/signal-exit-4.1.0.tgz 11712ms (cache miss)
#12 12.76 npm http fetch GET 200 https://registry.npmjs.org/natural-compare/-/natural-compare-1.4.0.tgz 11644ms (cache miss)
#12 12.76 npm http fetch GET 200 https://registry.npmjs.org/mz/-/mz-2.7.0.tgz 11644ms (cache miss)
#12 12.76 npm http fetch GET 200 https://registry.npmjs.org/ms/-/ms-2.1.3.tgz 11647ms (cache miss)
#12 12.77 npm http fetch GET 200 https://registry.npmjs.org/merge2/-/merge2-1.4.1.tgz 11626ms (cache miss)
#12 12.77 npm http fetch GET 200 https://registry.npmjs.org/loose-envify/-/loose-envify-1.4.0.tgz 11626ms (cache miss)
#12 12.77 npm http fetch GET 200 https://registry.npmjs.org/micromatch/-/micromatch-4.0.8.tgz 11628ms (cache miss)
#12 12.78 npm http fetch GET 200 https://registry.npmjs.org/lodash.merge/-/lodash.merge-4.6.2.tgz 11638ms (cache miss)
#12 12.79 npm http fetch GET 200 https://registry.npmjs.org/minimatch/-/minimatch-3.1.2.tgz 11644ms (cache miss)
#12 12.80 npm http fetch GET 200 https://registry.npmjs.org/prop-types/-/prop-types-15.8.1.tgz 11731ms (cache miss)
#12 12.81 npm http fetch GET 200 https://registry.npmjs.org/lru-cache/-/lru-cache-5.1.1.tgz 11670ms (cache miss)
#12 12.82 npm http fetch GET 200 https://registry.npmjs.org/locate-path/-/locate-path-6.0.0.tgz 11676ms (cache miss)
#12 12.83 npm http fetch GET 200 https://registry.npmjs.org/source-map-js/-/source-map-js-1.2.1.tgz 11791ms (cache miss)
#12 12.83 npm http fetch GET 200 https://registry.npmjs.org/lines-and-columns/-/lines-and-columns-1.2.4.tgz 11689ms (cache miss)
#12 12.90 npm http fetch GET 200 https://registry.npmjs.org/lilconfig/-/lilconfig-3.1.3.tgz 11753ms (cache miss)
#12 12.91 npm http fetch GET 200 https://registry.npmjs.org/levn/-/levn-0.4.1.tgz 11766ms (cache miss)
#12 12.91 npm http fetch GET 200 https://registry.npmjs.org/json-schema-traverse/-/json-schema-traverse-0.4.1.tgz 11769ms (cache miss)
#12 12.92 npm http fetch GET 200 https://registry.npmjs.org/json-stable-stringify-without-jsonify/-/json-stable-stringify-without-jsonify-1.0.1.tgz 11775ms (cache miss)
#12 12.94 npm http fetch GET 200 https://registry.npmjs.org/json-buffer/-/json-buffer-3.0.1.tgz 11790ms (cache miss)
#12 12.97 npm http fetch GET 200 https://registry.npmjs.org/react/-/react-19.1.0.tgz 11912ms (cache miss)
#12 12.97 npm http fetch GET 200 https://registry.npmjs.org/minipass/-/minipass-7.1.2.tgz 11859ms (cache miss)
#12 12.98 npm http fetch GET 200 https://registry.npmjs.org/postcss-selector-parser/-/postcss-selector-parser-6.1.2.tgz 11901ms (cache miss)
#12 12.98 npm http fetch GET 200 https://registry.npmjs.org/keyv/-/keyv-4.5.4.tgz 11837ms (cache miss)
#12 12.98 npm http fetch GET 200 https://registry.npmjs.org/jsesc/-/jsesc-3.1.0.tgz 11837ms (cache miss)
#12 12.99 npm http fetch GET 200 https://registry.npmjs.org/is-fullwidth-code-point/-/is-fullwidth-code-point-3.0.0.tgz 11835ms (cache miss)
#12 13.00 npm http fetch GET 200 https://registry.npmjs.org/js-tokens/-/js-tokens-4.0.0.tgz 11848ms (cache miss)
#12 13.01 npm http fetch GET 200 https://registry.npmjs.org/react-modal/-/react-modal-3.16.3.tgz 11959ms (cache miss)
#12 13.01 npm http fetch GET 200 https://registry.npmjs.org/isexe/-/isexe-2.0.0.tgz 11864ms (cache miss)
#12 13.03 npm http fetch GET 200 https://registry.npmjs.org/is-glob/-/is-glob-4.0.3.tgz 11884ms (cache miss)
#12 13.05 npm http fetch GET 200 https://registry.npmjs.org/is-number/-/is-number-7.0.0.tgz 11905ms (cache miss)
#12 13.12 npm http fetch GET 200 https://registry.npmjs.org/json5/-/json5-2.2.3.tgz 11978ms (cache miss)
#12 13.21 npm http fetch GET 200 https://registry.npmjs.org/is-extglob/-/is-extglob-2.1.1.tgz 12059ms (cache miss)
#12 13.22 npm http fetch GET 200 https://registry.npmjs.org/import-fresh/-/import-fresh-3.3.1.tgz 12066ms (cache miss)
#12 13.24 npm http fetch GET 200 https://registry.npmjs.org/has-flag/-/has-flag-4.0.0.tgz 12085ms (cache miss)
#12 13.24 npm http fetch GET 200 https://registry.npmjs.org/ignore/-/ignore-5.3.2.tgz 12086ms (cache miss)
#12 13.26 npm http fetch GET 200 https://registry.npmjs.org/is-core-module/-/is-core-module-2.16.1.tgz 12108ms (cache miss)
#12 13.28 npm http fetch GET 200 https://registry.npmjs.org/postcss/-/postcss-8.5.6.tgz 12179ms (cache miss)
#12 13.28 npm http fetch GET 200 https://registry.npmjs.org/imurmurhash/-/imurmurhash-0.1.4.tgz 12124ms (cache miss)
#12 13.28 npm http fetch GET 200 https://registry.npmjs.org/is-binary-path/-/is-binary-path-2.1.0.tgz 12125ms (cache miss)
#12 13.29 npm http fetch GET 200 https://registry.npmjs.org/globals/-/globals-16.3.0.tgz 12133ms (cache miss)
#12 13.30 npm http fetch GET 200 https://registry.npmjs.org/path-scurry/-/path-scurry-1.11.1.tgz 12205ms (cache miss)
#12 13.31 npm http fetch GET 200 https://registry.npmjs.org/find-up/-/find-up-5.0.0.tgz 12137ms (cache miss)
#12 13.33 npm http fetch GET 200 https://registry.npmjs.org/glob-parent/-/glob-parent-6.0.2.tgz 12175ms (cache miss)
#12 13.33 npm http fetch GET 200 https://registry.npmjs.org/gensync/-/gensync-1.0.0-beta.2.tgz 12168ms (cache miss)
#12 13.35 npm http fetch GET 200 https://registry.npmjs.org/hasown/-/hasown-2.0.2.tgz 12190ms (cache miss)
#12 13.35 npm http fetch GET 200 https://registry.npmjs.org/foreground-child/-/foreground-child-3.3.1.tgz 12183ms (cache miss)
#12 13.36 npm http fetch GET 200 https://registry.npmjs.org/function-bind/-/function-bind-1.1.2.tgz 12192ms (cache miss)
#12 13.36 npm http fetch GET 200 https://registry.npmjs.org/fraction.js/-/fraction.js-4.3.7.tgz 12192ms (cache miss)
#12 13.36 npm http fetch GET 200 https://registry.npmjs.org/flat-cache/-/flat-cache-4.0.1.tgz 12192ms (cache miss)
#12 13.39 npm http fetch GET 200 https://registry.npmjs.org/fill-range/-/fill-range-7.1.1.tgz 12222ms (cache miss)
#12 13.40 npm http fetch GET 200 https://registry.npmjs.org/fast-deep-equal/-/fast-deep-equal-3.1.3.tgz 12227ms (cache miss)
#12 13.40 npm http fetch GET 200 https://registry.npmjs.org/fast-levenshtein/-/fast-levenshtein-2.0.6.tgz 12229ms (cache miss)
#12 13.41 npm http fetch GET 200 https://registry.npmjs.org/jackspeak/-/jackspeak-3.4.3.tgz 12265ms (cache miss)
#12 13.41 npm http fetch GET 200 https://registry.npmjs.org/flatted/-/flatted-3.3.3.tgz 12247ms (cache miss)
#12 13.42 npm http fetch GET 200 https://registry.npmjs.org/fast-json-stable-stringify/-/fast-json-stable-stringify-2.1.0.tgz 12252ms (cache miss)
#12 13.43 npm http fetch GET 200 https://registry.npmjs.org/file-entry-cache/-/file-entry-cache-8.0.0.tgz 12260ms (cache miss)
#12 13.44 npm http fetch GET 200 https://registry.npmjs.org/exenv/-/exenv-1.2.2.tgz 12266ms (cache miss)
#12 13.45 npm http fetch GET 200 https://registry.npmjs.org/estraverse/-/estraverse-5.3.0.tgz 12270ms (cache miss)
#12 13.45 npm http fetch GET 200 https://registry.npmjs.org/eslint-plugin-react-refresh/-/eslint-plugin-react-refresh-0.4.20.tgz 12267ms (cache miss)
#12 13.46 npm http fetch GET 200 https://registry.npmjs.org/esutils/-/esutils-2.0.3.tgz 12280ms (cache miss)
#12 13.46 npm http fetch GET 200 https://registry.npmjs.org/fastq/-/fastq-1.19.1.tgz 12291ms (cache miss)
#12 13.50 npm http fetch GET 200 https://registry.npmjs.org/eslint-visitor-keys/-/eslint-visitor-keys-4.2.1.tgz 12314ms (cache miss)
#12 13.50 npm http fetch GET 200 https://registry.npmjs.org/escape-string-regexp/-/escape-string-regexp-4.0.0.tgz 12304ms (cache miss)
#12 13.51 npm http fetch GET 200 https://registry.npmjs.org/esrecurse/-/esrecurse-4.3.0.tgz 12328ms (cache miss)
#12 13.51 npm http fetch GET 200 https://registry.npmjs.org/eastasianwidth/-/eastasianwidth-0.2.0.tgz 12316ms (cache miss)
#12 13.51 npm http fetch GET 200 https://registry.npmjs.org/emoji-regex/-/emoji-regex-9.2.2.tgz 12318ms (cache miss)
#12 13.52 npm http fetch GET 200 https://registry.npmjs.org/dlv/-/dlv-1.1.3.tgz 12324ms (cache miss)
#12 13.53 npm http fetch GET 200 https://registry.npmjs.org/escalade/-/escalade-3.2.0.tgz 12343ms (cache miss)
#12 13.54 npm http fetch GET 200 https://registry.npmjs.org/esbuild/-/esbuild-0.25.8.tgz 12350ms (cache miss)
#12 13.55 npm http fetch GET 200 https://registry.npmjs.org/deep-is/-/deep-is-0.1.4.tgz 12347ms (cache miss)
#12 13.56 npm http fetch GET 200 https://registry.npmjs.org/didyoumean/-/didyoumean-1.2.2.tgz 12361ms (cache miss)
#12 13.57 npm http fetch GET 200 https://registry.npmjs.org/debug/-/debug-4.4.1.tgz 12374ms (cache miss)
#12 13.57 npm http fetch GET 200 https://registry.npmjs.org/concat-map/-/concat-map-0.0.1.tgz 12369ms (cache miss)
#12 13.57 npm http fetch GET 200 https://registry.npmjs.org/color-convert/-/color-convert-2.0.1.tgz 12370ms (cache miss)
#12 13.58 npm http fetch GET 200 https://registry.npmjs.org/cookie/-/cookie-1.0.2.tgz 12381ms (cache miss)
#12 13.58 npm http fetch GET 200 https://registry.npmjs.org/convert-source-map/-/convert-source-map-2.0.0.tgz 12381ms (cache miss)
#12 13.58 npm http fetch GET 200 https://registry.npmjs.org/cross-spawn/-/cross-spawn-7.0.6.tgz 12382ms (cache miss)
#12 13.59 npm http fetch GET 200 https://registry.npmjs.org/commander/-/commander-4.1.1.tgz 12393ms (cache miss)
#12 13.60 npm http fetch GET 200 https://registry.npmjs.org/electron-to-chromium/-/electron-to-chromium-1.5.191.tgz 12405ms (cache miss)
#12 13.60 npm http fetch GET 200 https://registry.npmjs.org/cssesc/-/cssesc-3.0.0.tgz 12401ms (cache miss)
#12 13.61 npm http fetch GET 200 https://registry.npmjs.org/eslint-plugin-react-hooks/-/eslint-plugin-react-hooks-5.2.0.tgz 12426ms (cache miss)
#12 13.61 npm http fetch GET 200 https://registry.npmjs.org/color-name/-/color-name-1.1.4.tgz 12405ms (cache miss)
#12 13.61 npm http fetch GET 200 https://registry.npmjs.org/chalk/-/chalk-4.1.2.tgz 12409ms (cache miss)
#12 13.62 npm http fetch GET 200 https://registry.npmjs.org/eslint-scope/-/eslint-scope-8.4.0.tgz 12440ms (cache miss)
#12 13.62 npm http fetch GET 200 https://registry.npmjs.org/espree/-/espree-10.4.0.tgz 12442ms (cache miss)
#12 13.66 npm http fetch GET 200 https://registry.npmjs.org/balanced-match/-/balanced-match-1.0.2.tgz 12450ms (cache miss)
#12 13.67 npm http fetch GET 200 https://registry.npmjs.org/camelcase-css/-/camelcase-css-2.0.1.tgz 12467ms (cache miss)
#12 13.67 npm http fetch GET 200 https://registry.npmjs.org/callsites/-/callsites-3.1.0.tgz 12467ms (cache miss)
#12 13.67 npm http fetch GET 200 https://registry.npmjs.org/browserslist/-/browserslist-4.25.1.tgz 12466ms (cache miss)
#12 13.68 npm http fetch GET 200 https://registry.npmjs.org/braces/-/braces-3.0.3.tgz 12474ms (cache miss)
#12 13.68 npm http fetch GET 200 https://registry.npmjs.org/binary-extensions/-/binary-extensions-2.3.0.tgz 12473ms (cache miss)
#12 13.68 npm http fetch GET 200 https://registry.npmjs.org/brace-expansion/-/brace-expansion-1.1.12.tgz 12476ms (cache miss)
#12 13.69 npm http fetch GET 200 https://registry.npmjs.org/ansi-regex/-/ansi-regex-6.1.0.tgz 12469ms (cache miss)
#12 13.70 npm http fetch GET 200 https://registry.npmjs.org/anymatch/-/anymatch-3.1.3.tgz 12491ms (cache miss)
#12 13.73 npm http fetch GET 200 https://registry.npmjs.org/arg/-/arg-5.0.2.tgz 12505ms (cache miss)
#12 13.73 npm http fetch GET 200 https://registry.npmjs.org/acorn-jsx/-/acorn-jsx-5.3.2.tgz 12504ms (cache miss)
#12 13.74 npm http fetch GET 200 https://registry.npmjs.org/argparse/-/argparse-2.0.1.tgz 12527ms (cache miss)
#12 13.74 npm http fetch GET 200 https://registry.npmjs.org/ansi-styles/-/ansi-styles-4.3.0.tgz 12516ms (cache miss)
#12 13.74 npm http fetch GET 200 https://registry.npmjs.org/@types/react-dom/-/react-dom-19.1.6.tgz 12513ms (cache miss)
#12 13.75 npm http fetch GET 200 https://registry.npmjs.org/js-yaml/-/js-yaml-4.1.0.tgz 12603ms (cache miss)
#12 13.75 npm http fetch GET 200 https://registry.npmjs.org/fdir/-/fdir-6.4.6.tgz 12579ms (cache miss)
#12 13.75 npm http fetch GET 200 https://registry.npmjs.org/chokidar/-/chokidar-3.6.0.tgz 12546ms (cache miss)
#12 13.75 npm http fetch GET 200 https://registry.npmjs.org/@vitejs/plugin-react/-/plugin-react-4.7.0.tgz 12525ms (cache miss)
#12 13.76 npm http fetch GET 200 https://registry.npmjs.org/@types/estree/-/estree-1.0.8.tgz 12526ms (cache miss)
#12 13.77 npm http fetch GET 200 https://registry.npmjs.org/@types/json-schema/-/json-schema-7.0.15.tgz 12540ms (cache miss)
#12 13.77 npm http fetch GET 200 https://registry.npmjs.org/@types/babel__traverse/-/babel__traverse-7.20.7.tgz 12544ms (cache miss)
#12 13.77 npm http fetch GET 200 https://registry.npmjs.org/@types/babel__core/-/babel__core-7.20.5.tgz 12543ms (cache miss)
#12 13.78 npm http fetch GET 200 https://registry.npmjs.org/@rolldown/pluginutils/-/pluginutils-1.0.0-beta.27.tgz 12546ms (cache miss)
#12 13.78 npm http fetch GET 200 https://registry.npmjs.org/@types/babel__generator/-/babel__generator-7.27.0.tgz 12554ms (cache miss)
#12 13.79 npm http fetch GET 200 https://registry.npmjs.org/@types/babel__template/-/babel__template-7.4.4.tgz 12558ms (cache miss)
#12 13.79 npm http fetch GET 200 https://registry.npmjs.org/@nodelib/fs.walk/-/fs.walk-1.2.8.tgz 12559ms (cache miss)
#12 13.82 npm http fetch GET 200 https://registry.npmjs.org/@nodelib/fs.stat/-/fs.stat-2.0.5.tgz 12587ms (cache miss)
#12 13.83 npm http fetch GET 200 https://registry.npmjs.org/@nodelib/fs.scandir/-/fs.scandir-2.1.5.tgz 12596ms (cache miss)
#12 13.83 npm http fetch GET 200 https://registry.npmjs.org/@jridgewell/resolve-uri/-/resolve-uri-3.1.2.tgz 12595ms (cache miss)
#12 13.83 npm http fetch GET 200 https://registry.npmjs.org/@isaacs/cliui/-/cliui-8.0.2.tgz 12595ms (cache miss)
#12 13.84 npm http fetch GET 200 https://registry.npmjs.org/@humanwhocodes/retry/-/retry-0.4.3.tgz 12607ms (cache miss)
#12 13.86 npm http fetch GET 200 https://registry.npmjs.org/@pkgjs/parseargs/-/parseargs-0.11.0.tgz 12627ms (cache miss)
#12 13.86 npm http fetch GET 200 https://registry.npmjs.org/any-promise/-/any-promise-1.3.0.tgz 12653ms (cache miss)
#12 13.88 npm http fetch GET 200 https://registry.npmjs.org/@humanwhocodes/module-importer/-/module-importer-1.0.1.tgz 12636ms (cache miss)
#12 13.89 npm http fetch GET 200 https://registry.npmjs.org/@eslint/plugin-kit/-/plugin-kit-0.3.4.tgz 12629ms (cache miss)
#12 13.89 npm http fetch GET 200 https://registry.npmjs.org/@humanfs/node/-/node-0.16.6.tgz 12651ms (cache miss)
#12 13.90 npm http fetch GET 200 https://registry.npmjs.org/@eslint/js/-/js-9.31.0.tgz 12635ms (cache miss)
#12 13.92 npm http fetch GET 200 https://registry.npmjs.org/@humanfs/core/-/core-0.19.1.tgz 12659ms (cache miss)
#12 13.93 npm http fetch GET 200 https://registry.npmjs.org/@eslint/object-schema/-/object-schema-2.1.6.tgz 12672ms (cache miss)
#12 13.94 npm http fetch GET 200 https://registry.npmjs.org/fast-glob/-/fast-glob-3.3.3.tgz 12769ms (cache miss)
#12 13.98 npm http fetch GET 200 https://registry.npmjs.org/@jridgewell/sourcemap-codec/-/sourcemap-codec-1.5.4.tgz 12746ms (cache miss)
#12 13.98 npm http fetch GET 200 https://registry.npmjs.org/@jridgewell/gen-mapping/-/gen-mapping-0.3.12.tgz 12746ms (cache miss)
#12 14.00 npm http fetch GET 200 https://registry.npmjs.org/acorn/-/acorn-8.15.0.tgz 12772ms (cache miss)
#12 14.01 npm http fetch GET 200 https://registry.npmjs.org/@eslint/core/-/core-0.15.1.tgz 12751ms (cache miss)
#12 14.06 npm http fetch GET 200 https://registry.npmjs.org/@eslint/config-helpers/-/config-helpers-0.3.0.tgz 12798ms (cache miss)
#12 14.11 npm http fetch GET 200 https://registry.npmjs.org/esquery/-/esquery-1.6.0.tgz 12934ms (cache miss)
#12 14.14 npm http fetch GET 200 https://registry.npmjs.org/csstype/-/csstype-3.1.3.tgz 12942ms (cache miss)
#12 14.14 npm http fetch GET 200 https://registry.npmjs.org/@babel/plugin-transform-react-jsx-source/-/plugin-transform-react-jsx-source-7.27.1.tgz 12876ms (cache miss)
#12 14.15 npm http fetch GET 200 https://registry.npmjs.org/@babel/plugin-transform-react-jsx-self/-/plugin-transform-react-jsx-self-7.27.1.tgz 12883ms (cache miss)
#12 14.16 npm http fetch GET 200 https://registry.npmjs.org/@babel/helper-validator-option/-/helper-validator-option-7.27.1.tgz 12890ms (cache miss)
#12 14.18 npm http fetch GET 200 https://registry.npmjs.org/glob/-/glob-10.4.5.tgz 13017ms (cache miss)
#12 14.19 npm http fetch GET 200 https://registry.npmjs.org/@jridgewell/trace-mapping/-/trace-mapping-0.3.29.tgz 12950ms (cache miss)
#12 14.20 npm http fetch GET 200 https://registry.npmjs.org/@babel/helper-string-parser/-/helper-string-parser-7.27.1.tgz 12929ms (cache miss)
#12 14.22 npm http fetch GET 200 https://registry.npmjs.org/resolve/-/resolve-1.22.10.tgz 13175ms (cache miss)
#12 14.22 npm http fetch GET 200 https://registry.npmjs.org/@babel/helper-validator-identifier/-/helper-validator-identifier-7.27.1.tgz 12953ms (cache miss)
#12 14.24 npm http fetch GET 200 https://registry.npmjs.org/@eslint-community/regexpp/-/regexpp-4.12.1.tgz 12977ms (cache miss)
#12 14.27 npm http fetch GET 200 https://registry.npmjs.org/@babel/template/-/template-7.27.2.tgz 13002ms (cache miss)
#12 14.28 npm http fetch GET 200 https://registry.npmjs.org/@babel/helper-module-imports/-/helper-module-imports-7.27.1.tgz 13005ms (cache miss)
#12 14.28 npm http fetch GET 200 https://registry.npmjs.org/@babel/helper-globals/-/helper-globals-7.28.0.tgz 13010ms (cache miss)
#12 14.29 npm http fetch GET 200 https://registry.npmjs.org/@eslint-community/eslint-utils/-/eslint-utils-4.7.0.tgz 13021ms (cache miss)
#12 14.29 npm http fetch GET 200 https://registry.npmjs.org/@babel/helper-plugin-utils/-/helper-plugin-utils-7.27.1.tgz 13016ms (cache miss)
#12 14.29 npm http fetch GET 200 https://registry.npmjs.org/@babel/helper-compilation-targets/-/helper-compilation-targets-7.27.2.tgz 13015ms (cache miss)
#12 14.30 npm http fetch GET 200 https://registry.npmjs.org/@eslint/config-array/-/config-array-0.21.0.tgz 13038ms (cache miss)
#12 14.31 npm http fetch GET 200 https://registry.npmjs.org/vite/-/vite-7.0.6.tgz 13284ms (cache miss)
#12 14.31 npm http fetch GET 200 https://registry.npmjs.org/@types/react/-/react-19.1.8.tgz 13083ms (cache miss)
#12 14.32 npm http fetch GET 200 https://registry.npmjs.org/strip-ansi/-/strip-ansi-6.0.1.tgz 12999ms (cache miss)
#12 14.32 npm http fetch GET 200 https://registry.npmjs.org/string-width/-/string-width-4.2.3.tgz 13005ms (cache miss)
#12 14.33 npm http fetch GET 200 https://registry.npmjs.org/jiti/-/jiti-1.21.7.tgz 13184ms (cache miss)
#12 14.35 npm http fetch GET 200 https://registry.npmjs.org/rollup/-/rollup-4.45.1.tgz 13303ms (cache miss)
#12 14.35 npm http fetch GET 200 https://registry.npmjs.org/@babel/compat-data/-/compat-data-7.28.0.tgz 13039ms (cache miss)
#12 14.37 npm http fetch GET 200 https://registry.npmjs.org/@babel/code-frame/-/code-frame-7.27.1.tgz 13052ms (cache miss)
#12 14.38 npm http fetch GET 200 https://registry.npmjs.org/@alloc/quick-lru/-/quick-lru-5.2.0.tgz 13063ms (cache miss)
#12 14.39 npm http fetch GET 200 https://registry.npmjs.org/@ampproject/remapping/-/remapping-2.3.0.tgz 13073ms (cache miss)
#12 14.40 npm http fetch GET 200 https://registry.npmjs.org/strip-ansi/-/strip-ansi-6.0.1.tgz 13069ms (cache miss)
#12 14.40 npm http fetch GET 200 https://registry.npmjs.org/autoprefixer/-/autoprefixer-10.4.21.tgz 13188ms (cache miss)
#12 14.40 npm http fetch GET 200 https://registry.npmjs.org/@babel/helper-module-transforms/-/helper-module-transforms-7.27.3.tgz 13131ms (cache miss)
#12 14.41 npm http fetch GET 200 https://registry.npmjs.org/emoji-regex/-/emoji-regex-8.0.0.tgz 13084ms (cache miss)
#12 14.41 npm http fetch GET 200 https://registry.npmjs.org/ansi-regex/-/ansi-regex-5.0.1.tgz 13084ms (cache miss)
#12 14.41 npm http fetch GET 200 https://registry.npmjs.org/ansi-regex/-/ansi-regex-5.0.1.tgz 13087ms (cache miss)
#12 14.42 npm http fetch GET 200 https://registry.npmjs.org/ansi-styles/-/ansi-styles-6.2.1.tgz 13092ms (cache miss)
#12 14.42 npm http fetch GET 200 https://registry.npmjs.org/emoji-regex/-/emoji-regex-8.0.0.tgz 13097ms (cache miss)
#12 14.43 npm http fetch GET 200 https://registry.npmjs.org/ansi-regex/-/ansi-regex-5.0.1.tgz 13102ms (cache miss)
#12 14.44 npm http fetch GET 200 https://registry.npmjs.org/brace-expansion/-/brace-expansion-2.0.2.tgz 13107ms (cache miss)
#12 14.45 npm http fetch GET 200 https://registry.npmjs.org/picomatch/-/picomatch-2.3.1.tgz 13119ms (cache miss)
#12 14.45 npm http fetch GET 200 https://registry.npmjs.org/glob-parent/-/glob-parent-5.1.2.tgz 13117ms (cache miss)
#12 14.45 npm http fetch GET 200 https://registry.npmjs.org/picomatch/-/picomatch-2.3.1.tgz 13125ms (cache miss)
#12 14.46 npm http fetch GET 200 https://registry.npmjs.org/glob-parent/-/glob-parent-5.1.2.tgz 13129ms (cache miss)
#12 14.47 npm http fetch GET 200 https://registry.npmjs.org/@eslint/eslintrc/-/eslintrc-3.3.1.tgz 13206ms (cache miss)
#12 14.47 npm http fetch GET 200 https://registry.npmjs.org/eslint-visitor-keys/-/eslint-visitor-keys-3.4.3.tgz 13139ms (cache miss)
#12 14.48 npm http fetch GET 200 https://registry.npmjs.org/picomatch/-/picomatch-2.3.1.tgz 13144ms (cache miss)
#12 14.49 npm http fetch GET 200 https://registry.npmjs.org/@fortawesome/react-fontawesome/-/react-fontawesome-0.2.3.tgz 13232ms (cache miss)
#12 14.51 npm http fetch GET 200 https://registry.npmjs.org/@fortawesome/fontawesome-common-types/-/fontawesome-common-types-7.0.0.tgz 13246ms (cache miss)
#12 14.51 npm http fetch GET 200 https://registry.npmjs.org/@humanwhocodes/retry/-/retry-0.3.1.tgz 13183ms (cache miss)
#12 14.61 npm http fetch GET 200 https://registry.npmjs.org/ajv/-/ajv-6.12.6.tgz 13387ms (cache miss)
#12 14.63 npm http fetch GET 200 https://registry.npmjs.org/@babel/traverse/-/traverse-7.28.0.tgz 13362ms (cache miss)
#12 14.63 npm http fetch GET 200 https://registry.npmjs.org/@babel/generator/-/generator-7.28.0.tgz 13358ms (cache miss)
#12 14.63 npm http fetch GET 200 https://registry.npmjs.org/lru-cache/-/lru-cache-10.4.3.tgz 13303ms (cache miss)
#12 14.65 npm http fetch GET 200 https://registry.npmjs.org/minimatch/-/minimatch-9.0.5.tgz 13316ms (cache miss)
#12 14.68 npm http fetch GET 200 https://registry.npmjs.org/@babel/parser/-/parser-7.28.0.tgz 13409ms (cache miss)
#12 14.68 npm http fetch GET 200 https://registry.npmjs.org/@rollup/rollup-linux-x64-musl/-/rollup-linux-x64-musl-4.45.1.tgz 13451ms (cache miss)
#12 14.76 npm http fetch GET 200 https://registry.npmjs.org/sucrase/-/sucrase-3.35.0.tgz 13731ms (cache miss)
#12 14.78 npm http fetch GET 200 https://registry.npmjs.org/globals/-/globals-14.0.0.tgz 13445ms (cache miss)
#12 14.78 npm http fetch GET 200 https://registry.npmjs.org/react-router/-/react-router-7.7.1.tgz 13730ms (cache miss)
#12 14.79 npm http fetch GET 200 https://registry.npmjs.org/@rollup/rollup-linux-x64-gnu/-/rollup-linux-x64-gnu-4.45.1.tgz 13554ms (cache miss)
#12 14.84 npm http fetch GET 200 https://registry.npmjs.org/@babel/core/-/core-7.28.0.tgz 13572ms (cache miss)
#12 14.94 npm http fetch GET 200 https://registry.npmjs.org/@babel/helpers/-/helpers-7.28.2.tgz 13675ms (cache miss)
#12 14.96 npm http fetch GET 200 https://registry.npmjs.org/react-dom/-/react-dom-19.1.0.tgz 13907ms (cache miss)
#12 15.04 npm http fetch GET 200 https://registry.npmjs.org/@babel/types/-/types-7.28.2.tgz 13774ms (cache miss)
#12 15.08 npm http fetch GET 200 https://registry.npmjs.org/uri-js/-/uri-js-4.4.1.tgz 14055ms (cache miss)
#12 15.15 npm http fetch GET 200 https://registry.npmjs.org/tailwindcss/-/tailwindcss-3.4.17.tgz 14117ms (cache miss)
#12 15.22 npm http fetch GET 200 https://registry.npmjs.org/eslint/-/eslint-9.31.0.tgz 14039ms (cache miss)
#12 15.28 npm http fetch GET 200 https://registry.npmjs.org/moment/-/moment-2.30.1.tgz 14171ms (cache miss)
#12 15.29 npm http fetch GET 200 https://registry.npmjs.org/@esbuild/linux-x64/-/linux-x64-0.25.8.tgz 14027ms (cache miss)
#12 15.35 npm http fetch GET 200 https://registry.npmjs.org/caniuse-lite/-/caniuse-lite-1.0.30001727.tgz 14146ms (cache miss)
#12 15.88 npm http fetch GET 200 https://registry.npmjs.org/npm 15110ms attempt #2
#12 16.17 npm http fetch GET 200 https://registry.npmjs.org/@fortawesome/free-solid-svg-icons/-/free-solid-svg-icons-7.0.0.tgz 14906ms (cache miss)
#12 16.50 npm http fetch GET 200 https://registry.npmjs.org/react-icons/-/react-icons-5.5.0.tgz 15448ms (cache miss)
#12 20.88 npm http fetch GET 200 https://registry.npmjs.org/yocto-queue/-/yocto-queue-0.1.0.tgz 19861ms attempt #2 (cache miss)
#12 21.09 npm http fetch GET 200 https://registry.npmjs.org/yaml/-/yaml-2.8.0.tgz 20065ms attempt #2 (cache miss)
#12 21.11 npm info run esbuild@0.25.8 postinstall node_modules/esbuild node install.js
#12 21.16 npm info run esbuild@0.25.8 postinstall { code: 0, signal: null }
#12 21.26 
#12 21.26 added 264 packages in 21s
#12 21.26 
#12 21.26 61 packages are looking for funding
#12 21.26   run `npm fund` for details
#12 21.26 npm verbose cwd /app
#12 21.26 npm verbose os Linux 5.15.167.4-microsoft-standard-WSL2
#12 21.26 npm verbose node v18.20.8
#12 21.26 npm verbose npm  v10.8.2
#12 21.26 npm notice
#12 21.26 npm notice New major version of npm available! 10.8.2 -> 11.5.1
#12 21.26 npm notice Changelog: https://github.com/npm/cli/releases/tag/v11.5.1
#12 21.26 npm notice To update run: npm install -g npm@11.5.1
#12 21.26 npm notice
#12 21.26 npm verbose exit 0
#12 21.26 npm info ok
#12 DONE 21.3s

#13 [ 8/11] COPY . .
#13 DONE 1.0s

#14 [ 9/11] RUN ls -la src/
#14 0.292 total 40
#14 0.293 drwxr-xr-x    6 root     root          4096 Jul 27 08:21 .
#14 0.293 drwxr-xr-x    1 root     root          4096 Jul 27 08:31 ..
#14 0.293 -rwxr-xr-x    1 root     root             0 Jul 25 07:42 App.css
#14 0.293 -rwxr-xr-x    1 root     root           595 Jul 27 07:26 App.jsx
#14 0.293 drwxr-xr-x    3 root     root          4096 Jul 27 05:23 assets
#14 0.293 drwxr-xr-x    7 root     root          4096 Jul 27 04:31 components
#14 0.293 -rwxr-xr-x    1 root     root           681 Jul 26 01:23 index.css
#14 0.293 -rwxr-xr-x    1 root     root           229 Jul 25 03:16 main.jsx
#14 0.293 drwxr-xr-x    5 root     root          4096 Jul 25 07:40 pages
#14 0.293 drwxr-xr-x    2 root     root          4096 Jul 26 10:38 utils
#14 DONE 0.3s

#15 [10/11] RUN ls -la node_modules/
#15 0.390 total 1436
#15 0.392 drwxr-xr-x    1 root     root         12288 Jul 27 03:50 .
#15 0.392 drwxr-xr-x    1 root     root          4096 Jul 27 08:31 ..
#15 0.392 drwxr-xr-x    1 root     root          4096 Jul 25 09:08 .bin
#15 0.392 -rwxr-xr-x    1 root     root        118485 Jul 27 03:50 .package-lock.json
#15 0.392 drwxr-xr-x    3 root     root          4096 Jul 27 04:43 .vite
#15 0.392 drwxr-xr-x    2 root     root          4096 Jul 27 07:25 .vite-temp
#15 0.392 drwxr-xr-x    1 root     root          4096 Jul 25 07:44 @alloc
#15 0.392 drwxr-xr-x    1 root     root          4096 Jul 25 07:37 @ampproject
#15 0.392 drwxr-xr-x    1 root     root          4096 Jul 25 07:37 @babel
#15 0.392 drwxr-xr-x    1 root     root          4096 Jul 27 03:50 @esbuild
#15 0.392 drwxr-xr-x    1 root     root          4096 Jul 25 07:37 @eslint
#15 0.392 drwxr-xr-x    1 root     root          4096 Jul 25 07:37 @eslint-community
#15 0.392 drwxr-xr-x    1 root     root          4096 Jul 25 09:08 @fortawesome
#15 0.392 drwxr-xr-x    1 root     root          4096 Jul 25 07:37 @humanfs
#15 0.392 drwxr-xr-x    1 root     root          4096 Jul 25 07:37 @humanwhocodes
#15 0.392 drwxr-xr-x    1 root     root          4096 Jul 25 07:44 @isaacs
#15 0.392 drwxr-xr-x    1 root     root          4096 Jul 25 07:37 @jridgewell
#15 0.392 drwxr-xr-x    1 root     root          4096 Jul 25 07:44 @nodelib
#15 0.392 drwxr-xr-x    1 root     root          4096 Jul 25 07:44 @pkgjs
#15 0.392 drwxr-xr-x    1 root     root          4096 Jul 25 07:37 @rolldown
#15 0.392 drwxr-xr-x    1 root     root          4096 Jul 27 03:50 @rollup
#15 0.392 drwxr-xr-x    1 root     root          4096 Jul 25 07:37 @types
#15 0.392 drwxr-xr-x    1 root     root          4096 Jul 25 07:37 @vitejs
#15 0.392 drwxr-xr-x    1 root     root          4096 Jul 25 07:37 acorn
#15 0.392 drwxr-xr-x    1 root     root          4096 Jul 25 07:37 acorn-jsx
#15 0.392 drwxr-xr-x    1 root     root          4096 Jul 25 07:37 ajv
#15 0.392 drwxr-xr-x    1 root     root          4096 Jul 25 07:44 ansi-regex
#15 0.392 drwxr-xr-x    1 root     root          4096 Jul 25 07:37 ansi-styles
#15 0.392 drwxr-xr-x    1 root     root          4096 Jul 25 07:44 any-promise
#15 0.392 drwxr-xr-x    1 root     root          4096 Jul 25 07:44 anymatch
#15 0.392 drwxr-xr-x    1 root     root          4096 Jul 25 07:44 arg
#15 0.392 drwxr-xr-x    1 root     root          4096 Jul 25 07:37 argparse
#15 0.392 drwxr-xr-x    1 root     root          4096 Jul 25 07:44 autoprefixer
#15 0.392 drwxr-xr-x    1 root     root          4096 Jul 25 07:37 balanced-match
#15 0.392 drwxr-xr-x    1 root     root          4096 Jul 25 07:44 binary-extensions
#15 0.392 drwxr-xr-x    1 root     root          4096 Jul 25 07:37 brace-expansion
#15 0.392 drwxr-xr-x    1 root     root          4096 Jul 25 07:44 braces
#15 0.392 drwxr-xr-x    1 root     root          4096 Jul 25 07:37 browserslist
#15 0.392 drwxr-xr-x    1 root     root          4096 Jul 25 07:37 callsites
#15 0.392 drwxr-xr-x    1 root     root          4096 Jul 25 07:44 camelcase-css
#15 0.392 drwxr-xr-x    1 root     root          4096 Jul 25 07:38 caniuse-lite
#15 0.392 drwxr-xr-x    1 root     root          4096 Jul 25 07:37 chalk
#15 0.392 drwxr-xr-x    1 root     root          4096 Jul 25 07:44 chokidar
#15 0.392 drwxr-xr-x    1 root     root          4096 Jul 25 07:37 color-convert
#15 0.392 drwxr-xr-x    1 root     root          4096 Jul 25 07:37 color-name
#15 0.392 drwxr-xr-x    1 root     root          4096 Jul 25 07:44 commander
#15 0.392 drwxr-xr-x    1 root     root          4096 Jul 25 07:37 concat-map
#15 0.392 drwxr-xr-x    1 root     root          4096 Jul 25 07:37 convert-source-map
#15 0.392 drwxr-xr-x    1 root     root          4096 Jul 25 08:12 cookie
#15 0.392 drwxr-xr-x    1 root     root          4096 Jul 25 07:37 cross-spawn
#15 0.392 drwxr-xr-x    1 root     root          4096 Jul 25 07:44 cssesc
#15 0.392 drwxr-xr-x    1 root     root          4096 Jul 25 07:37 csstype
#15 0.392 drwxr-xr-x    1 root     root          4096 Jul 25 07:37 debug
#15 0.392 drwxr-xr-x    1 root     root          4096 Jul 25 07:37 deep-is
#15 0.392 drwxr-xr-x    1 root     root          4096 Jul 25 07:44 didyoumean
#15 0.392 drwxr-xr-x    1 root     root          4096 Jul 25 07:44 dlv
#15 0.392 drwxr-xr-x    1 root     root          4096 Jul 25 07:44 eastasianwidth
#15 0.392 drwxr-xr-x    1 root     root          4096 Jul 25 07:37 electron-to-chromium
#15 0.392 drwxr-xr-x    1 root     root          4096 Jul 25 07:44 emoji-regex
#15 0.392 drwxr-xr-x    1 root     root          4096 Jul 25 07:37 esbuild
#15 0.392 drwxr-xr-x    1 root     root          4096 Jul 25 07:37 escalade
#15 0.392 drwxr-xr-x    1 root     root          4096 Jul 25 07:37 escape-string-regexp
#15 0.392 drwxr-xr-x    1 root     root          4096 Jul 25 07:37 eslint
#15 0.392 drwxr-xr-x    1 root     root          4096 Jul 25 07:37 eslint-plugin-react-hooks
#15 0.392 drwxr-xr-x    1 root     root          4096 Jul 25 07:37 eslint-plugin-react-refresh
#15 0.392 drwxr-xr-x    1 root     root          4096 Jul 25 07:37 eslint-scope
#15 0.392 drwxr-xr-x    1 root     root          4096 Jul 25 07:37 eslint-visitor-keys
#15 0.392 drwxr-xr-x    1 root     root          4096 Jul 25 07:37 espree
#15 0.392 drwxr-xr-x    1 root     root          4096 Jul 25 07:37 esquery
#15 0.392 drwxr-xr-x    1 root     root          4096 Jul 25 07:37 esrecurse
#15 0.392 drwxr-xr-x    1 root     root          4096 Jul 25 07:37 estraverse
#15 0.392 drwxr-xr-x    1 root     root          4096 Jul 25 07:37 esutils
#15 0.392 drwxr-xr-x    1 root     root          4096 Jul 26 01:30 exenv
#15 0.392 drwxr-xr-x    1 root     root          4096 Jul 25 07:37 fast-deep-equal
#15 0.392 drwxr-xr-x    1 root     root          4096 Jul 25 07:44 fast-glob
#15 0.392 drwxr-xr-x    1 root     root          4096 Jul 25 07:37 fast-json-stable-stringify
#15 0.392 drwxr-xr-x    1 root     root          4096 Jul 25 07:37 fast-levenshtein
#15 0.392 drwxr-xr-x    1 root     root          4096 Jul 25 07:44 fastq
#15 0.392 drwxr-xr-x    1 root     root          4096 Jul 25 07:37 fdir
#15 0.392 drwxr-xr-x    1 root     root          4096 Jul 25 07:37 file-entry-cache
#15 0.392 drwxr-xr-x    1 root     root          4096 Jul 25 07:44 fill-range
#15 0.392 drwxr-xr-x    1 root     root          4096 Jul 25 07:37 find-up
#15 0.392 drwxr-xr-x    1 root     root          4096 Jul 25 07:37 flat-cache
#15 0.392 drwxr-xr-x    1 root     root          4096 Jul 25 07:37 flatted
#15 0.392 drwxr-xr-x    1 root     root          4096 Jul 25 07:44 foreground-child
#15 0.392 drwxr-xr-x    1 root     root          4096 Jul 25 07:44 fraction.js
#15 0.392 drwxr-xr-x    1 root     root          4096 Jul 25 07:44 function-bind
#15 0.392 drwxr-xr-x    1 root     root          4096 Jul 25 07:37 gensync
#15 0.392 drwxr-xr-x    1 root     root          4096 Jul 25 07:44 glob
#15 0.392 drwxr-xr-x    1 root     root          4096 Jul 25 07:37 glob-parent
#15 0.392 drwxr-xr-x    1 root     root          4096 Jul 25 07:37 globals
#15 0.392 drwxr-xr-x    1 root     root          4096 Jul 25 07:37 has-flag
#15 0.392 drwxr-xr-x    1 root     root          4096 Jul 25 07:44 hasown
#15 0.392 drwxr-xr-x    1 root     root          4096 Jul 25 07:37 ignore
#15 0.392 drwxr-xr-x    1 root     root          4096 Jul 25 07:37 import-fresh
#15 0.392 drwxr-xr-x    1 root     root          4096 Jul 25 07:37 imurmurhash
#15 0.392 drwxr-xr-x    1 root     root          4096 Jul 25 07:44 is-binary-path
#15 0.392 drwxr-xr-x    1 root     root          4096 Jul 25 07:44 is-core-module
#15 0.392 drwxr-xr-x    1 root     root          4096 Jul 25 07:37 is-extglob
#15 0.392 drwxr-xr-x    1 root     root          4096 Jul 25 07:44 is-fullwidth-code-point
#15 0.392 drwxr-xr-x    1 root     root          4096 Jul 25 07:37 is-glob
#15 0.392 drwxr-xr-x    1 root     root          4096 Jul 25 07:44 is-number
#15 0.392 drwxr-xr-x    1 root     root          4096 Jul 25 07:37 isexe
#15 0.392 drwxr-xr-x    1 root     root          4096 Jul 25 07:44 jackspeak
#15 0.392 drwxr-xr-x    1 root     root          4096 Jul 25 07:44 jiti
#15 0.392 drwxr-xr-x    1 root     root          4096 Jul 25 07:37 js-tokens
#15 0.392 drwxr-xr-x    1 root     root          4096 Jul 25 07:37 js-yaml
#15 0.392 drwxr-xr-x    1 root     root          4096 Jul 25 07:37 jsesc
#15 0.392 drwxr-xr-x    1 root     root          4096 Jul 25 07:37 json-buffer
#15 0.392 drwxr-xr-x    1 root     root          4096 Jul 25 07:37 json-schema-traverse
#15 0.392 drwxr-xr-x    1 root     root          4096 Jul 25 07:37 json-stable-stringify-without-jsonify
#15 0.392 drwxr-xr-x    1 root     root          4096 Jul 25 07:37 json5
#15 0.392 drwxr-xr-x    1 root     root          4096 Jul 25 07:37 keyv
#15 0.392 drwxr-xr-x    1 root     root          4096 Jul 25 07:37 levn
#15 0.392 drwxr-xr-x    1 root     root          4096 Jul 25 07:44 lilconfig
#15 0.392 drwxr-xr-x    1 root     root          4096 Jul 25 07:44 lines-and-columns
#15 0.392 drwxr-xr-x    1 root     root          4096 Jul 25 07:37 locate-path
#15 0.392 drwxr-xr-x    1 root     root          4096 Jul 25 07:37 lodash.merge
#15 0.392 drwxr-xr-x    1 root     root          4096 Jul 25 09:08 loose-envify
#15 0.392 drwxr-xr-x    1 root     root          4096 Jul 25 07:37 lru-cache
#15 0.392 drwxr-xr-x    1 root     root          4096 Jul 25 07:44 merge2
#15 0.392 drwxr-xr-x    1 root     root          4096 Jul 25 07:44 micromatch
#15 0.392 drwxr-xr-x    1 root     root          4096 Jul 25 07:37 minimatch
#15 0.392 drwxr-xr-x    1 root     root          4096 Jul 25 07:44 minipass
#15 0.392 drwxr-xr-x    1 root     root          4096 Jul 27 03:50 moment
#15 0.392 drwxr-xr-x    1 root     root          4096 Jul 25 07:37 ms
#15 0.392 drwxr-xr-x    1 root     root          4096 Jul 25 07:44 mz
#15 0.392 drwxr-xr-x    1 root     root          4096 Jul 25 07:37 nanoid
#15 0.392 drwxr-xr-x    1 root     root          4096 Jul 25 07:37 natural-compare
#15 0.392 drwxr-xr-x    1 root     root          4096 Jul 25 07:37 node-releases
#15 0.392 drwxr-xr-x    1 root     root          4096 Jul 25 07:44 normalize-path
#15 0.392 drwxr-xr-x    1 root     root          4096 Jul 25 07:44 normalize-range
#15 0.392 drwxr-xr-x    1 root     root          4096 Jul 25 07:44 object-assign
#15 0.392 drwxr-xr-x    1 root     root          4096 Jul 25 07:44 object-hash
#15 0.392 drwxr-xr-x    1 root     root          4096 Jul 25 07:37 optionator
#15 0.392 drwxr-xr-x    1 root     root          4096 Jul 25 07:37 p-limit
#15 0.392 drwxr-xr-x    1 root     root          4096 Jul 25 07:37 p-locate
#15 0.392 drwxr-xr-x    1 root     root          4096 Jul 25 07:44 package-json-from-dist
#15 0.392 drwxr-xr-x    1 root     root          4096 Jul 25 07:37 parent-module
#15 0.392 drwxr-xr-x    1 root     root          4096 Jul 25 07:37 path-exists
#15 0.392 drwxr-xr-x    1 root     root          4096 Jul 25 07:37 path-key
#15 0.392 drwxr-xr-x    1 root     root          4096 Jul 25 07:44 path-parse
#15 0.392 drwxr-xr-x    1 root     root          4096 Jul 25 07:44 path-scurry
#15 0.392 drwxr-xr-x    1 root     root          4096 Jul 25 07:37 picocolors
#15 0.392 drwxr-xr-x    1 root     root          4096 Jul 25 07:37 picomatch
#15 0.392 drwxr-xr-x    1 root     root          4096 Jul 25 07:44 pify
#15 0.392 drwxr-xr-x    1 root     root          4096 Jul 25 07:44 pirates
#15 0.392 drwxr-xr-x    1 root     root          4096 Jul 25 07:37 postcss
#15 0.392 drwxr-xr-x    1 root     root          4096 Jul 25 07:44 postcss-import
#15 0.392 drwxr-xr-x    1 root     root          4096 Jul 25 07:44 postcss-js
#15 0.392 drwxr-xr-x    1 root     root          4096 Jul 25 07:44 postcss-load-config
#15 0.392 drwxr-xr-x    1 root     root          4096 Jul 25 07:44 postcss-nested
#15 0.392 drwxr-xr-x    1 root     root          4096 Jul 25 07:44 postcss-selector-parser
#15 0.392 drwxr-xr-x    1 root     root          4096 Jul 25 07:44 postcss-value-parser
#15 0.392 drwxr-xr-x    1 root     root          4096 Jul 25 07:37 prelude-ls
#15 0.392 drwxr-xr-x    1 root     root          4096 Jul 25 09:08 prop-types
#15 0.392 drwxr-xr-x    1 root     root          4096 Jul 25 07:37 punycode
#15 0.392 drwxr-xr-x    1 root     root          4096 Jul 25 07:44 queue-microtask
#15 0.392 drwxr-xr-x    1 root     root          4096 Jul 25 07:37 react
#15 0.392 drwxr-xr-x    1 root     root          4096 Jul 25 07:37 react-dom
#15 0.392 drwxr-xr-x    1 root     root          4096 Jul 25 09:07 react-icons
#15 0.392 drwxr-xr-x    1 root     root          4096 Jul 25 09:08 react-is
#15 0.392 drwxr-xr-x    1 root     root          4096 Jul 26 01:30 react-lifecycles-compat
#15 0.392 drwxr-xr-x    1 root     root          4096 Jul 26 01:30 react-modal
#15 0.392 drwxr-xr-x    1 root     root          4096 Jul 25 07:37 react-refresh
#15 0.392 drwxr-xr-x    1 root     root          4096 Jul 25 08:12 react-router
#15 0.392 drwxr-xr-x    1 root     root          4096 Jul 25 08:12 react-router-dom
#15 0.392 drwxr-xr-x    1 root     root          4096 Jul 25 07:44 read-cache
#15 0.392 drwxr-xr-x    1 root     root          4096 Jul 25 07:44 readdirp
#15 0.392 drwxr-xr-x    1 root     root          4096 Jul 25 07:44 resolve
#15 0.392 drwxr-xr-x    1 root     root          4096 Jul 25 07:37 resolve-from
#15 0.392 drwxr-xr-x    1 root     root          4096 Jul 25 07:44 reusify
#15 0.392 drwxr-xr-x    1 root     root          4096 Jul 25 07:37 rollup
#15 0.392 drwxr-xr-x    1 root     root          4096 Jul 25 07:44 run-parallel
#15 0.392 drwxr-xr-x    1 root     root          4096 Jul 25 07:37 scheduler
#15 0.392 drwxr-xr-x    1 root     root          4096 Jul 25 07:37 semver
#15 0.392 drwxr-xr-x    1 root     root          4096 Jul 25 08:12 set-cookie-parser
#15 0.392 drwxr-xr-x    1 root     root          4096 Jul 25 07:37 shebang-command
#15 0.392 drwxr-xr-x    1 root     root          4096 Jul 25 07:37 shebang-regex
#15 0.392 drwxr-xr-x    1 root     root          4096 Jul 25 07:44 signal-exit
#15 0.392 drwxr-xr-x    1 root     root          4096 Jul 25 07:37 source-map-js
#15 0.392 drwxr-xr-x    1 root     root          4096 Jul 25 07:44 string-width
#15 0.392 drwxr-xr-x    1 root     root          4096 Jul 25 07:44 string-width-cjs
#15 0.392 drwxr-xr-x    1 root     root          4096 Jul 25 07:44 strip-ansi
#15 0.392 drwxr-xr-x    1 root     root          4096 Jul 25 07:44 strip-ansi-cjs
#15 0.392 drwxr-xr-x    1 root     root          4096 Jul 25 07:37 strip-json-comments
#15 0.392 drwxr-xr-x    1 root     root          4096 Jul 25 07:44 sucrase
#15 0.392 drwxr-xr-x    1 root     root          4096 Jul 25 07:37 supports-color
#15 0.392 drwxr-xr-x    1 root     root          4096 Jul 25 07:44 supports-preserve-symlinks-flag
#15 0.392 drwxr-xr-x    1 root     root          4096 Jul 25 07:44 tailwindcss
#15 0.392 drwxr-xr-x    1 root     root          4096 Jul 25 07:44 thenify
#15 0.392 drwxr-xr-x    1 root     root          4096 Jul 25 07:44 thenify-all
#15 0.392 drwxr-xr-x    1 root     root          4096 Jul 25 07:37 tinyglobby
#15 0.392 drwxr-xr-x    1 root     root          4096 Jul 25 07:44 to-regex-range
#15 0.392 drwxr-xr-x    1 root     root          4096 Jul 25 07:44 ts-interface-checker
#15 0.392 drwxr-xr-x    1 root     root          4096 Jul 25 07:37 type-check
#15 0.392 drwxr-xr-x    1 root     root          4096 Jul 25 07:37 update-browserslist-db
#15 0.392 drwxr-xr-x    1 root     root          4096 Jul 25 07:37 uri-js
#15 0.392 drwxr-xr-x    1 root     root          4096 Jul 25 07:44 util-deprecate
#15 0.392 drwxr-xr-x    1 root     root          4096 Jul 25 07:37 vite
#15 0.392 drwxr-xr-x    1 root     root          4096 Jul 26 01:30 warning
#15 0.392 drwxr-xr-x    1 root     root          4096 Jul 25 07:37 which
#15 0.392 drwxr-xr-x    1 root     root          4096 Jul 25 07:37 word-wrap
#15 0.392 drwxr-xr-x    1 root     root          4096 Jul 25 07:44 wrap-ansi
#15 0.392 drwxr-xr-x    1 root     root          4096 Jul 25 07:44 wrap-ansi-cjs
#15 0.392 drwxr-xr-x    1 root     root          4096 Jul 25 07:37 yallist
#15 0.392 drwxr-xr-x    1 root     root          4096 Jul 25 07:44 yaml
#15 0.392 drwxr-xr-x    1 root     root          4096 Jul 25 07:37 yocto-queue
#15 DONE 0.4s

#16 [11/11] RUN npm run build --verbose
#16 0.567 npm verbose cli /usr/local/bin/node /usr/local/bin/npm
#16 0.568 npm info using npm@10.8.2
#16 0.568 npm info using node@v18.20.8
#16 0.572 npm verbose title npm run build
#16 0.573 npm verbose argv "run" "build" "--loglevel" "verbose"
#16 0.573 npm verbose logfile logs-max:10 dir:/root/.npm/_logs/2025-07-27T08_34_24_461Z-
#16 0.574 npm verbose logfile /root/.npm/_logs/2025-07-27T08_34_24_461Z-debug-0.log
#16 0.597 
#16 0.597 > note-app@0.0.0 build
#16 0.597 > vite build
#16 0.597 
#16 0.888 vite v7.0.6 building for production...
#16 1.191 transforming...
#16 1.773  29 modules transformed.
#16 1.780  Build failed in 864ms
#16 1.780 error during build:
#16 1.780 [vite]: Rollup failed to resolve import "axios" from "/app/src/utils/axiosInstance.js".
#16 1.780 This is most likely unintended because it can break your application at runtime.
#16 1.780 If you do want to externalize this module explicitly add it to
#16 1.780 `build.rollupOptions.external`
#16 1.780     at viteLog (file:///app/node_modules/vite/dist/node/chunks/dep-BHkUv4Z8.js:34211:57)
#16 1.780     at file:///app/node_modules/vite/dist/node/chunks/dep-BHkUv4Z8.js:34249:73
#16 1.780     at onwarn (file:///app/node_modules/@vitejs/plugin-react/dist/index.js:90:7)
#16 1.780     at file:///app/node_modules/vite/dist/node/chunks/dep-BHkUv4Z8.js:34249:28
#16 1.780     at onRollupLog (file:///app/node_modules/vite/dist/node/chunks/dep-BHkUv4Z8.js:34244:3)
#16 1.780     at onLog (file:///app/node_modules/vite/dist/node/chunks/dep-BHkUv4Z8.js:34032:4)
#16 1.780     at file:///app/node_modules/rollup/dist/es/shared/node-entry.js:20818:32
#16 1.780     at Object.logger [as onLog] (file:///app/node_modules/rollup/dist/es/shared/node-entry.js:22698:9)
#16 1.780     at ModuleLoader.handleInvalidResolvedId (file:///app/node_modules/rollup/dist/es/shared/node-entry.js:21444:26)
#16 1.780     at file:///app/node_modules/rollup/dist/es/shared/node-entry.js:21402:26
#16 1.789 npm verbose cwd /app
#16 1.789 npm verbose os Linux 5.15.167.4-microsoft-standard-WSL2
#16 1.789 npm verbose node v18.20.8
#16 1.789 npm verbose npm  v10.8.2
#16 1.790 npm verbose exit 1
#16 1.790 npm verbose code 1
#16 ERROR: process "/bin/sh -c npm run build --verbose" did not complete successfully: exit code: 1
------
 > [11/11] RUN npm run build --verbose:
1.780     at file:///app/node_modules/rollup/dist/es/shared/node-entry.js:20818:32
1.780     at Object.logger [as onLog] (file:///app/node_modules/rollup/dist/es/shared/node-entry.js:22698:9)
1.780     at ModuleLoader.handleInvalidResolvedId (file:///app/node_modules/rollup/dist/es/shared/node-entry.js:21444:26)
1.780     at file:///app/node_modules/rollup/dist/es/shared/node-entry.js:21402:26
1.789 npm verbose cwd /app
1.789 npm verbose os Linux 5.15.167.4-microsoft-standard-WSL2
1.789 npm verbose node v18.20.8
1.789 npm verbose npm  v10.8.2
1.790 npm verbose exit 1
1.790 npm verbose code 1
------
Dockerfile:34

--------------------

  32 |     

  33 |     # Run build with verbose output

  34 | >>> RUN npm run build --verbose

--------------------

failed to solve: process "/bin/sh -c npm run build --verbose" did not complete successfully: exit code: 1

